1530877914135	geckodriver	INFO	geckodriver 0.20.1
1530877914142	geckodriver	INFO	Listening on 127.0.0.1:56163
1530877917154	mozrunner::runner	INFO	Running command: "C:\\Program Files\\Mozilla Firefox\\firefox.exe" "-marionette" "-profile" "C:\\Users\\VARUNB~1\\AppData\\Local\\Temp\\rust_mozprofile.XtdGlWeoK5uv"
Unable to read VR Path Registry from C:\Users\Varun Bheemaiah\AppData\Local\openvr\openvrpaths.vrpath
Unable to read VR Path Registry from C:\Users\Varun Bheemaiah\AppData\Local\openvr\openvrpaths.vrpath
Unable to read VR Path Registry from C:\Users\Varun Bheemaiah\AppData\Local\openvr\openvrpaths.vrpath
Unable to read VR Path Registry from C:\Users\Varun Bheemaiah\AppData\Local\openvr\openvrpaths.vrpath
Unable to read VR Path Registry from C:\Users\Varun Bheemaiah\AppData\Local\openvr\openvrpaths.vrpath
1530877918460	Marionette	INFO	Listening on port 56171
1530877918664	Marionette	WARN	TLS certificate errors will be ignored for this session
[Parent 4444, Gecko_IOThread] WARNING: pipe error: 109: file z:/build/build/src/ipc/chromium/src/chrome/common/ipc_channel_win.cc, line 346
[Child 13628, Chrome_ChildThread] WARNING: pipe error: 109: file z:/build/build/src/ipc/chromium/src/chrome/common/ipc_channel_win.cc, line 346
[Child 13628, Chrome_ChildThrea[Parent 4444, Gecko_IOThread] WARNING: pipe error: 109: file z:/build/build/src/ipc/chromium/src/chrome/common/ipc_channel_win.cc, line 346
[Child 16504, Chrome_ChildThread] WARNING: pipe error: 109: file z:/build/build/src/ipc/chromium/src/chrome/common/ipc_channel_win.cc, line 346
[Child 16504, Chrome_ChildThread] WARNI[Parent 4444, Gecko_IOThread] WARNING: pipe error: 109: file z:/build/build/src/ipc/chromium/src/chrome/common/ipc_channel_win.cc, line 346
[Child 14704, Chrome_ChildThread] WARNING: pipe error: 109: file z:/build/build/src/ipc/chromium/src/chrome/common/ipc_channel_win.cc, line 346
[Child 14704, Chrome_ChildTh*** UTM:SVC TimerManager:registerTimer called after profile-before-change notification. Ignoring timer registration for id: telemetry_modules_ping
[GPU 4656, Chrome_ChildThread] WA
###!!! [Child][MessageChannel::SendAndWait] Error: Channel error: cannot send/recv

nnot send/recv

nnot send/recv

ing timer registration for id: telemetry_modules_ping
[GPU 6320, Chrome_Ch
###!!! [Child][MessageChannel::SendAndWait] Error: Channel error: cannot send/recv

